<?xml version="1.0" encoding="UTF-8"?>
<testng-results ignored="0" total="1" passed="1" failed="0" skipped="0">
  <reporter-output>
  </reporter-output>
  <suite started-at="2023-04-28T21:31:53 GMT+02:00" name="Default suite" finished-at="2023-04-28T21:31:55 GMT+02:00" duration-ms="1446">
    <groups>
    </groups>
    <test started-at="2023-04-28T21:31:53 GMT+02:00" name="Default test" finished-at="2023-04-28T21:31:55 GMT+02:00" duration-ms="1446">
      <class name="tests.PutPatchDeleteExamples">
        <test-method signature="testDelete()[pri:0, instance:tests.PutPatchDeleteExamples@619713e5]" started-at="2023-04-28T21:31:53 GMT+02:00" name="testDelete" finished-at="2023-04-28T21:31:55 GMT+02:00" duration-ms="1419" status="PASS">
          <reporter-output>
          </reporter-output>
        </test-method> <!-- testDelete -->
      </class> <!-- tests.PutPatchDeleteExamples -->
    </test> <!-- Default test -->
  </suite> <!-- Default suite -->
</testng-results>
